<?xml version="1.0" encoding="UTF-8"?>
<!-- Generated by org.testng.reporters.JUnitXMLReporter -->
<testsuite ignored="0" hostname="Kamals-MacBook-Pro.local" failures="1" tests="1" name="Default test" time="67.975" errors="0" timestamp="2022-08-02T15:41:46 IST">
  <testcase classname="Memberse.IOSAutomation.iWidgetSwipeTest" name="iWidgetSwipeTestCase" time="36.834">
    <failure type="org.openqa.selenium.NoSuchElementException" message="An element could not be located on the page using the given search parameters. (WARNING: The server did not provide any stacktrace information)
Command duration or timeout: 0 milliseconds
For documentation on this error, please visit: https://www.seleniumhq.org/exceptions/no_such_element.html
Build info: version: &amp;apos;3.141.59&amp;apos;, revision: &amp;apos;e82be7d358&amp;apos;, time: &amp;apos;2018-11-14T08:17:03&amp;apos;
System info: host: &amp;apos;Kamals-MacBook-Pro.local&amp;apos;, ip: &amp;apos;fe80:0:0:0:4e2:ddd7:dcac:384e%en0&amp;apos;, os.name: &amp;apos;Mac OS X&amp;apos;, os.arch: &amp;apos;x86_64&amp;apos;, os.version: &amp;apos;10.16&amp;apos;, java.version: &amp;apos;15.0.1&amp;apos;
Driver info: io.appium.java_client.ios.IOSDriver
Capabilities {64bit: false, acceptSslCert: false, acceptSslCerts: false, automationName: XCuiTest, bootstrapPath: /usr/local/.browserstack/co..., browserName: , browserstack.appium_version: 1.21.0, browserstack.isTargetBased: false, browserstack.is_hub_canary: false, browserstack.minOSVersion: 11.0, bundleID: dog.fa.so.app, bundleId: dog.fa.so.app, capabilities: {64bit: false, acceptSslCert: false, acceptSslCerts: false, automationName: XCuiTest, bootstrapPath: /usr/local/.browserstack/co..., browserName: , browserstack.appium_version: 1.21.0, browserstack.isTargetBased: false, browserstack.is_hub_canary: false, browserstack.minOSVersion: 11.0, bundleID: dog.fa.so.app, bundleId: dog.fa.so.app, custom_id: MemberseAppQA, custom_replay_kit_params: {&amp;quot;rotation&amp;quot;:&amp;quot;false&amp;quot;,&amp;quot;captur..., databaseEnabled: false, detected_language: selenium/3.141.59 (java mac), device: iphone, deviceName: iPhone 13 Pro, deviceOrientation: PORTRAIT, javascriptEnabled: true, keychainPassword: [REDACTED VALUE], keychainPath: [REDACTED VALUE], launchTimeout: 200000, locationContextEnabled: false, mobile: {browser: mobile, version: iPhone 13 Pro-15.3}, networkConnectionEnabled: false, newCommandTimeout: 0, new_bucketing: true, noReset: true, orientation: PORTRAIT, orig_os: ios, osVersion: 15.5, os_version: 15.5, platform: MAC, platformName: iOS, realMobile: true, safariIgnoreFraudWarning: true, safariInitialUrl: http://mobile-internet-chec..., sessionId: 42bdfab5dda67fc4754c89cedd9..., takesScreenshot: true, udid: 00008110-001415222E60401E, uiautomator2ServerLaunchTimeout: 60000, useXctestrunFile: true, version: , waitForQuiescence: false, wdaStartupRetries: 3, wda_port: 8406, webStorageEnabled: false, webkitResponseTimeout: 20000}, custom_id: MemberseAppQA, custom_replay_kit_params: {&amp;quot;rotation&amp;quot;:&amp;quot;false&amp;quot;,&amp;quot;captur..., databaseEnabled: false, detected_language: selenium/3.141.59 (java mac), device: iphone, deviceName: iPhone 13 Pro, deviceOrientation: PORTRAIT, javascriptEnabled: true, launchTimeout: 200000, locationContextEnabled: false, mobile: {browser: mobile, version: iPhone 13 Pro-15.3}, networkConnectionEnabled: false, newCommandTimeout: 0, new_bucketing: true, noReset: true, orientation: PORTRAIT, orig_os: ios, osVersion: 15.5, os_version: 15.5, platform: MAC, platformName: iOS, platformVersion: 15.0, realMobile: true, safariIgnoreFraudWarning: true, safariInitialUrl: http://mobile-internet-chec..., sessionId: 42bdfab5dda67fc4754c89cedd9..., takesScreenshot: true, udid: 00008110-001415222E60401E, uiautomator2ServerLaunchTimeout: 60000, useXctestrunFile: true, version: , waitForQuiescence: false, wdaStartupRetries: 3, wda_port: 8406, webStorageEnabled: false, webkitResponseTimeout: 20000}
Session ID: 42bdfab5dda67fc4754c89cedd98694267b15084
*** Element info: {Using=-ios class chain, value=**/XCUIElementTypeTabBar[`label == &amp;quot;Tab Bar&amp;quot;`]/XCUIElementTypeButton[2]}">
      <![CDATA[org.openqa.selenium.NoSuchElementException: An element could not be located on the page using the given search parameters. (WARNING: The server did not provide any stacktrace information)
Command duration or timeout: 0 milliseconds
For documentation on this error, please visit: https://www.seleniumhq.org/exceptions/no_such_element.html
Build info: version: '3.141.59', revision: 'e82be7d358', time: '2018-11-14T08:17:03'
System info: host: 'Kamals-MacBook-Pro.local', ip: 'fe80:0:0:0:4e2:ddd7:dcac:384e%en0', os.name: 'Mac OS X', os.arch: 'x86_64', os.version: '10.16', java.version: '15.0.1'
Driver info: io.appium.java_client.ios.IOSDriver
Capabilities {64bit: false, acceptSslCert: false, acceptSslCerts: false, automationName: XCuiTest, bootstrapPath: /usr/local/.browserstack/co..., browserName: , browserstack.appium_version: 1.21.0, browserstack.isTargetBased: false, browserstack.is_hub_canary: false, browserstack.minOSVersion: 11.0, bundleID: dog.fa.so.app, bundleId: dog.fa.so.app, capabilities: {64bit: false, acceptSslCert: false, acceptSslCerts: false, automationName: XCuiTest, bootstrapPath: /usr/local/.browserstack/co..., browserName: , browserstack.appium_version: 1.21.0, browserstack.isTargetBased: false, browserstack.is_hub_canary: false, browserstack.minOSVersion: 11.0, bundleID: dog.fa.so.app, bundleId: dog.fa.so.app, custom_id: MemberseAppQA, custom_replay_kit_params: {"rotation":"false","captur..., databaseEnabled: false, detected_language: selenium/3.141.59 (java mac), device: iphone, deviceName: iPhone 13 Pro, deviceOrientation: PORTRAIT, javascriptEnabled: true, keychainPassword: [REDACTED VALUE], keychainPath: [REDACTED VALUE], launchTimeout: 200000, locationContextEnabled: false, mobile: {browser: mobile, version: iPhone 13 Pro-15.3}, networkConnectionEnabled: false, newCommandTimeout: 0, new_bucketing: true, noReset: true, orientation: PORTRAIT, orig_os: ios, osVersion: 15.5, os_version: 15.5, platform: MAC, platformName: iOS, realMobile: true, safariIgnoreFraudWarning: true, safariInitialUrl: http://mobile-internet-chec..., sessionId: 42bdfab5dda67fc4754c89cedd9..., takesScreenshot: true, udid: 00008110-001415222E60401E, uiautomator2ServerLaunchTimeout: 60000, useXctestrunFile: true, version: , waitForQuiescence: false, wdaStartupRetries: 3, wda_port: 8406, webStorageEnabled: false, webkitResponseTimeout: 20000}, custom_id: MemberseAppQA, custom_replay_kit_params: {"rotation":"false","captur..., databaseEnabled: false, detected_language: selenium/3.141.59 (java mac), device: iphone, deviceName: iPhone 13 Pro, deviceOrientation: PORTRAIT, javascriptEnabled: true, launchTimeout: 200000, locationContextEnabled: false, mobile: {browser: mobile, version: iPhone 13 Pro-15.3}, networkConnectionEnabled: false, newCommandTimeout: 0, new_bucketing: true, noReset: true, orientation: PORTRAIT, orig_os: ios, osVersion: 15.5, os_version: 15.5, platform: MAC, platformName: iOS, platformVersion: 15.0, realMobile: true, safariIgnoreFraudWarning: true, safariInitialUrl: http://mobile-internet-chec..., sessionId: 42bdfab5dda67fc4754c89cedd9..., takesScreenshot: true, udid: 00008110-001415222E60401E, uiautomator2ServerLaunchTimeout: 60000, useXctestrunFile: true, version: , waitForQuiescence: false, wdaStartupRetries: 3, wda_port: 8406, webStorageEnabled: false, webkitResponseTimeout: 20000}
Session ID: 42bdfab5dda67fc4754c89cedd98694267b15084
*** Element info: {Using=-ios class chain, value=**/XCUIElementTypeTabBar[`label == "Tab Bar"`]/XCUIElementTypeButton[2]}
at java.base/jdk.internal.reflect.NativeConstructorAccessorImpl.newInstance0(Native Method)
at java.base/jdk.internal.reflect.NativeConstructorAccessorImpl.newInstance(NativeConstructorAccessorImpl.java:64)
at java.base/jdk.internal.reflect.DelegatingConstructorAccessorImpl.newInstance(DelegatingConstructorAccessorImpl.java:45)
at java.base/java.lang.reflect.Constructor.newInstanceWithCaller(Constructor.java:500)
at java.base/java.lang.reflect.Constructor.newInstance(Constructor.java:481)
at org.openqa.selenium.remote.ErrorHandler.createThrowable(ErrorHandler.java:214)
at org.openqa.selenium.remote.ErrorHandler.throwIfResponseFailed(ErrorHandler.java:166)
at org.openqa.selenium.remote.http.JsonHttpResponseCodec.reconstructValue(JsonHttpResponseCodec.java:40)
at org.openqa.selenium.remote.http.AbstractHttpResponseCodec.decode(AbstractHttpResponseCodec.java:80)
at org.openqa.selenium.remote.http.AbstractHttpResponseCodec.decode(AbstractHttpResponseCodec.java:44)
at org.openqa.selenium.remote.HttpCommandExecutor.execute(HttpCommandExecutor.java:158)
at io.appium.java_client.remote.AppiumCommandExecutor.execute(AppiumCommandExecutor.java:247)
at org.openqa.selenium.remote.RemoteWebDriver.execute(RemoteWebDriver.java:552)
at io.appium.java_client.DefaultGenericMobileDriver.execute(DefaultGenericMobileDriver.java:41)
at io.appium.java_client.AppiumDriver.execute(AppiumDriver.java:1)
at io.appium.java_client.ios.IOSDriver.execute(IOSDriver.java:1)
at org.openqa.selenium.remote.RemoteWebDriver.findElement(RemoteWebDriver.java:323)
at io.appium.java_client.DefaultGenericMobileDriver.findElement(DefaultGenericMobileDriver.java:61)
at io.appium.java_client.AppiumDriver.findElement(AppiumDriver.java:1)
at io.appium.java_client.ios.IOSDriver.findElement(IOSDriver.java:1)
at io.appium.java_client.FindsByIosClassChain.findElementByIosClassChain(FindsByIosClassChain.java:26)
at Memberse.IOSAutomation.iWidgetSwipeTest.iWidgetSwipeTestCase(iWidgetSwipeTest.java:43)
at java.base/jdk.internal.reflect.NativeMethodAccessorImpl.invoke0(Native Method)
at java.base/jdk.internal.reflect.NativeMethodAccessorImpl.invoke(NativeMethodAccessorImpl.java:64)
at java.base/jdk.internal.reflect.DelegatingMethodAccessorImpl.invoke(DelegatingMethodAccessorImpl.java:43)
at java.base/java.lang.reflect.Method.invoke(Method.java:564)
at org.testng.internal.MethodInvocationHelper.invokeMethod(MethodInvocationHelper.java:132)
at org.testng.internal.TestInvoker.invokeMethod(TestInvoker.java:599)
at org.testng.internal.TestInvoker.invokeTestMethod(TestInvoker.java:174)
at org.testng.internal.MethodRunner.runInSequence(MethodRunner.java:46)
at org.testng.internal.TestInvoker$MethodInvocationAgent.invoke(TestInvoker.java:822)
at org.testng.internal.TestInvoker.invokeTestMethods(TestInvoker.java:147)
at org.testng.internal.TestMethodWorker.invokeTestMethods(TestMethodWorker.java:146)
at org.testng.internal.TestMethodWorker.run(TestMethodWorker.java:128)
at java.base/java.util.ArrayList.forEach(ArrayList.java:1511)
at org.testng.TestRunner.privateRun(TestRunner.java:764)
at org.testng.TestRunner.run(TestRunner.java:585)
at org.testng.SuiteRunner.runTest(SuiteRunner.java:384)
at org.testng.SuiteRunner.runSequentially(SuiteRunner.java:378)
at org.testng.SuiteRunner.privateRun(SuiteRunner.java:337)
at org.testng.SuiteRunner.run(SuiteRunner.java:286)
at org.testng.SuiteRunnerWorker.runSuite(SuiteRunnerWorker.java:53)
at org.testng.SuiteRunnerWorker.run(SuiteRunnerWorker.java:96)
at org.testng.TestNG.runSuitesSequentially(TestNG.java:1218)
at org.testng.TestNG.runSuitesLocally(TestNG.java:1140)
at org.testng.TestNG.runSuites(TestNG.java:1069)
at org.testng.TestNG.run(TestNG.java:1037)
at org.testng.remote.AbstractRemoteTestNG.run(AbstractRemoteTestNG.java:115)
at org.testng.remote.RemoteTestNG.initAndRun(RemoteTestNG.java:251)
at org.testng.remote.RemoteTestNG.main(RemoteTestNG.java:77)
]]>
    </failure>
  </testcase> <!-- iWidgetSwipeTestCase -->
</testsuite> <!-- Default test -->
