<?xml version="1.0" encoding="UTF-8"?>
<testng-results ignored="0" total="1" passed="1" failed="0" skipped="0">
  <reporter-output>
  </reporter-output>
  <suite started-at="2022-08-12T07:11:17 IST" name="Default suite" finished-at="2022-08-12T07:12:03 IST" duration-ms="46042">
    <groups>
    </groups>
    <test started-at="2022-08-12T07:11:17 IST" name="Default test" finished-at="2022-08-12T07:12:03 IST" duration-ms="46042">
      <class name="Memberse.IOSAutomation.iLoginWithFacebookTest">
        <test-method is-config="true" signature="startService()[pri:0, instance:Memberse.IOSAutomation.iLoginWithFacebookTest@1458ed9c]" started-at="2022-08-12T07:11:17 IST" name="startService" finished-at="2022-08-12T07:11:17 IST" duration-ms="33" status="PASS">
          <reporter-output>
          </reporter-output>
        </test-method> <!-- startService -->
        <test-method is-config="true" signature="startDriver()[pri:0, instance:Memberse.IOSAutomation.iLoginWithFacebookTest@1458ed9c]" started-at="2022-08-12T07:11:17 IST" name="startDriver" finished-at="2022-08-12T07:11:45 IST" duration-ms="27618" status="PASS">
          <reporter-output>
          </reporter-output>
        </test-method> <!-- startDriver -->
        <test-method is-config="true" signature="beforeMethod()[pri:0, instance:Memberse.IOSAutomation.iLoginWithFacebookTest@1458ed9c]" started-at="2022-08-12T07:11:45 IST" name="beforeMethod" finished-at="2022-08-12T07:11:45 IST" duration-ms="0" status="PASS">
          <reporter-output>
          </reporter-output>
        </test-method> <!-- beforeMethod -->
        <test-method signature="iLoginWithFacebookTestCase()[pri:0, instance:Memberse.IOSAutomation.iLoginWithFacebookTest@1458ed9c]" started-at="2022-08-12T07:11:45 IST" name="iLoginWithFacebookTestCase" finished-at="2022-08-12T07:12:02 IST" duration-ms="16952" status="PASS">
          <reporter-output>
          </reporter-output>
        </test-method> <!-- iLoginWithFacebookTestCase -->
        <test-method is-config="true" signature="afterMethod()[pri:0, instance:Memberse.IOSAutomation.iLoginWithFacebookTest@1458ed9c]" started-at="2022-08-12T07:12:02 IST" name="afterMethod" finished-at="2022-08-12T07:12:02 IST" duration-ms="0" status="PASS">
          <reporter-output>
          </reporter-output>
        </test-method> <!-- afterMethod -->
        <test-method is-config="true" signature="quitDriver()[pri:0, instance:Memberse.IOSAutomation.iLoginWithFacebookTest@1458ed9c]" started-at="2022-08-12T07:12:02 IST" name="quitDriver" finished-at="2022-08-12T07:12:03 IST" duration-ms="1397" status="PASS">
          <reporter-output>
          </reporter-output>
        </test-method> <!-- quitDriver -->
        <test-method is-config="true" signature="stopService()[pri:0, instance:Memberse.IOSAutomation.iLoginWithFacebookTest@1458ed9c]" started-at="2022-08-12T07:12:03 IST" name="stopService" finished-at="2022-08-12T07:12:03 IST" duration-ms="0" status="PASS">
          <reporter-output>
          </reporter-output>
        </test-method> <!-- stopService -->
      </class> <!-- Memberse.IOSAutomation.iLoginWithFacebookTest -->
    </test> <!-- Default test -->
  </suite> <!-- Default suite -->
</testng-results>
