<?xml version="1.0" encoding="UTF-8"?>
<testng-results ignored="0" total="1" passed="1" failed="0" skipped="0">
  <reporter-output>
  </reporter-output>
  <suite started-at="2022-08-02T15:20:56 IST" name="Default suite" finished-at="2022-08-02T15:21:57 IST" duration-ms="61247">
    <groups>
    </groups>
    <test started-at="2022-08-02T15:20:56 IST" name="Default test" finished-at="2022-08-02T15:21:57 IST" duration-ms="61247">
      <class name="Memberse.IOSAutomation.iWidgetSwipeTest">
        <test-method is-config="true" signature="startService()[pri:0, instance:Memberse.IOSAutomation.iWidgetSwipeTest@1458ed9c]" started-at="2022-08-02T15:20:56 IST" name="startService" finished-at="2022-08-02T15:20:56 IST" duration-ms="25" status="PASS">
          <reporter-output>
          </reporter-output>
        </test-method> <!-- startService -->
        <test-method is-config="true" signature="startDriver()[pri:0, instance:Memberse.IOSAutomation.iWidgetSwipeTest@1458ed9c]" started-at="2022-08-02T15:20:56 IST" name="startDriver" finished-at="2022-08-02T15:21:35 IST" duration-ms="38920" status="PASS">
          <reporter-output>
          </reporter-output>
        </test-method> <!-- startDriver -->
        <test-method is-config="true" signature="beforeMethod()[pri:0, instance:Memberse.IOSAutomation.iWidgetSwipeTest@1458ed9c]" started-at="2022-08-02T15:21:35 IST" name="beforeMethod" finished-at="2022-08-02T15:21:35 IST" duration-ms="0" status="PASS">
          <reporter-output>
          </reporter-output>
        </test-method> <!-- beforeMethod -->
        <test-method signature="iWidgetSwipeTestCase()[pri:0, instance:Memberse.IOSAutomation.iWidgetSwipeTest@1458ed9c]" started-at="2022-08-02T15:21:35 IST" name="iWidgetSwipeTestCase" finished-at="2022-08-02T15:21:56 IST" duration-ms="20608" status="PASS">
          <reporter-output>
          </reporter-output>
        </test-method> <!-- iWidgetSwipeTestCase -->
        <test-method is-config="true" signature="afterMethod()[pri:0, instance:Memberse.IOSAutomation.iWidgetSwipeTest@1458ed9c]" started-at="2022-08-02T15:21:56 IST" name="afterMethod" finished-at="2022-08-02T15:21:56 IST" duration-ms="0" status="PASS">
          <reporter-output>
          </reporter-output>
        </test-method> <!-- afterMethod -->
        <test-method is-config="true" signature="quitDriver()[pri:0, instance:Memberse.IOSAutomation.iWidgetSwipeTest@1458ed9c]" started-at="2022-08-02T15:21:56 IST" name="quitDriver" finished-at="2022-08-02T15:21:57 IST" duration-ms="1645" status="PASS">
          <reporter-output>
          </reporter-output>
        </test-method> <!-- quitDriver -->
        <test-method is-config="true" signature="stopService()[pri:0, instance:Memberse.IOSAutomation.iWidgetSwipeTest@1458ed9c]" started-at="2022-08-02T15:21:57 IST" name="stopService" finished-at="2022-08-02T15:21:57 IST" duration-ms="1" status="PASS">
          <reporter-output>
          </reporter-output>
        </test-method> <!-- stopService -->
      </class> <!-- Memberse.IOSAutomation.iWidgetSwipeTest -->
    </test> <!-- Default test -->
  </suite> <!-- Default suite -->
</testng-results>
