<?xml version="1.0" encoding="UTF-8"?>
<testng-results ignored="0" total="1" passed="1" failed="0" skipped="0">
  <reporter-output>
  </reporter-output>
  <suite started-at="2022-07-22T22:37:11 IST" name="Suite" finished-at="2022-07-22T22:38:30 IST" duration-ms="78486">
    <groups>
    </groups>
    <test started-at="2022-07-22T22:37:11 IST" name="Test" finished-at="2022-07-22T22:38:30 IST" duration-ms="78486">
      <class name="Memberse.IOSAutomation.TestApp2">
        <test-method is-config="true" signature="startService()[pri:0, instance:Memberse.IOSAutomation.TestApp2@71238fc2]" started-at="2022-07-22T22:37:11 IST" name="startService" finished-at="2022-07-22T22:37:13 IST" duration-ms="1408" status="PASS">
          <reporter-output>
          </reporter-output>
        </test-method> <!-- startService -->
        <test-method is-config="true" signature="startDriver()[pri:0, instance:Memberse.IOSAutomation.TestApp2@71238fc2]" started-at="2022-07-22T22:37:13 IST" name="startDriver" finished-at="2022-07-22T22:37:21 IST" duration-ms="8204" status="PASS">
          <reporter-output>
          </reporter-output>
        </test-method> <!-- startDriver -->
        <test-method is-config="true" signature="beforeMethod()[pri:0, instance:Memberse.IOSAutomation.TestApp2@71238fc2]" started-at="2022-07-22T22:37:21 IST" name="beforeMethod" finished-at="2022-07-22T22:37:21 IST" duration-ms="0" status="PASS">
          <reporter-output>
          </reporter-output>
        </test-method> <!-- beforeMethod -->
        <test-method signature="TestApp2Case()[pri:0, instance:Memberse.IOSAutomation.TestApp2@71238fc2]" started-at="2022-07-22T22:37:21 IST" name="TestApp2Case" finished-at="2022-07-22T22:37:29 IST" duration-ms="7719" status="PASS">
          <reporter-output>
          </reporter-output>
        </test-method> <!-- TestApp2Case -->
        <test-method is-config="true" signature="afterMethod()[pri:0, instance:Memberse.IOSAutomation.TestApp2@71238fc2]" started-at="2022-07-22T22:37:29 IST" name="afterMethod" finished-at="2022-07-22T22:37:29 IST" duration-ms="0" status="PASS">
          <reporter-output>
          </reporter-output>
        </test-method> <!-- afterMethod -->
        <test-method is-config="true" signature="quitDriver()[pri:0, instance:Memberse.IOSAutomation.TestApp2@71238fc2]" started-at="2022-07-22T22:37:29 IST" name="quitDriver" finished-at="2022-07-22T22:37:30 IST" duration-ms="1053" status="PASS">
          <reporter-output>
          </reporter-output>
        </test-method> <!-- quitDriver -->
        <test-method is-config="true" signature="stopService()[pri:0, instance:Memberse.IOSAutomation.TestApp2@71238fc2]" started-at="2022-07-22T22:37:30 IST" name="stopService" finished-at="2022-07-22T22:38:30 IST" duration-ms="60057" status="PASS">
          <reporter-output>
          </reporter-output>
        </test-method> <!-- stopService -->
      </class> <!-- Memberse.IOSAutomation.TestApp2 -->
    </test> <!-- Test -->
  </suite> <!-- Suite -->
</testng-results>
