<?xml version="1.0" encoding="UTF-8"?>
<testng-results ignored="0" total="1" passed="0" failed="1" skipped="0">
  <reporter-output>
  </reporter-output>
  <suite started-at="2022-11-24T15:11:49 IST" name="Default suite" finished-at="2022-11-24T15:14:16 IST" duration-ms="147208">
    <groups>
    </groups>
    <test started-at="2022-11-24T15:11:49 IST" name="Default test" finished-at="2022-11-24T15:14:16 IST" duration-ms="147208">
      <class name="Memberse.IOSAutomation.iRegisterWithEmailTest">
        <test-method is-config="true" signature="startService()[pri:0, instance:Memberse.IOSAutomation.iRegisterWithEmailTest@130e116b]" started-at="2022-11-24T15:11:49 IST" name="startService" finished-at="2022-11-24T15:11:51 IST" duration-ms="2076" status="PASS">
          <reporter-output>
          </reporter-output>
        </test-method> <!-- startService -->
        <test-method is-config="true" signature="startDriver()[pri:0, instance:Memberse.IOSAutomation.iRegisterWithEmailTest@130e116b]" started-at="2022-11-24T15:11:51 IST" name="startDriver" finished-at="2022-11-24T15:12:02 IST" duration-ms="10724" status="PASS">
          <reporter-output>
          </reporter-output>
        </test-method> <!-- startDriver -->
        <test-method is-config="true" signature="beforeMethod()[pri:0, instance:Memberse.IOSAutomation.iRegisterWithEmailTest@130e116b]" started-at="2022-11-24T15:12:02 IST" name="beforeMethod" finished-at="2022-11-24T15:12:02 IST" duration-ms="0" status="PASS">
          <reporter-output>
          </reporter-output>
        </test-method> <!-- beforeMethod -->
        <test-method signature="iRegisterWithEmailTestCase()[pri:0, instance:Memberse.IOSAutomation.iRegisterWithEmailTest@130e116b]" started-at="2022-11-24T15:12:02 IST" name="iRegisterWithEmailTestCase" finished-at="2022-11-24T15:13:15 IST" duration-ms="73255" status="FAIL">
          <exception class="org.openqa.selenium.NoSuchElementException">
            <message>
              <![CDATA[An element could not be located on the page using the given search parameters.
For documentation on this error, please visit: https://www.seleniumhq.org/exceptions/no_such_element.html
Build info: version: '3.141.59', revision: 'e82be7d358', time: '2018-11-14T08:17:03'
System info: host: 'Kamals-MacBook-Pro.local', ip: 'fe80:0:0:0:10a7:47d6:a60a:db84%en0', os.name: 'Mac OS X', os.arch: 'x86_64', os.version: '10.16', java.version: '15.0.1'
Driver info: io.appium.java_client.ios.IOSDriver
Capabilities {app: /Users/kamaljhinjer/Documen..., automationName: XCuiTest, browserName: , chromedriverExecutable: /Users/kamaljhinjer/Documen..., databaseEnabled: false, deviceName: iPhone, javascriptEnabled: true, launchTimeout: 180000, locationContextEnabled: false, networkConnectionEnabled: false, newCommandTimeout: 180, platform: MAC, platformName: IOS, platformVersion: 15.6, takesScreenshot: true, udid: 00008101-000808921AB8001E, updateWDABundlId: dog.fa.so.app, webStorageEnabled: false, xcodeOrgId: CGYHFCCU8D, xcodeSigningId: iPhone Developer}
Session ID: 252a6bde-c9c1-4aeb-adb6-3a9f40229a00
*** Element info: {Using=xpath, value=//*[@text='Next']}]]>
            </message>
            <full-stacktrace>
              <![CDATA[org.openqa.selenium.NoSuchElementException: An element could not be located on the page using the given search parameters.
For documentation on this error, please visit: https://www.seleniumhq.org/exceptions/no_such_element.html
Build info: version: '3.141.59', revision: 'e82be7d358', time: '2018-11-14T08:17:03'
System info: host: 'Kamals-MacBook-Pro.local', ip: 'fe80:0:0:0:10a7:47d6:a60a:db84%en0', os.name: 'Mac OS X', os.arch: 'x86_64', os.version: '10.16', java.version: '15.0.1'
Driver info: io.appium.java_client.ios.IOSDriver
Capabilities {app: /Users/kamaljhinjer/Documen..., automationName: XCuiTest, browserName: , chromedriverExecutable: /Users/kamaljhinjer/Documen..., databaseEnabled: false, deviceName: iPhone, javascriptEnabled: true, launchTimeout: 180000, locationContextEnabled: false, networkConnectionEnabled: false, newCommandTimeout: 180, platform: MAC, platformName: IOS, platformVersion: 15.6, takesScreenshot: true, udid: 00008101-000808921AB8001E, updateWDABundlId: dog.fa.so.app, webStorageEnabled: false, xcodeOrgId: CGYHFCCU8D, xcodeSigningId: iPhone Developer}
Session ID: 252a6bde-c9c1-4aeb-adb6-3a9f40229a00
*** Element info: {Using=xpath, value=//*[@text='Next']}
at java.base/jdk.internal.reflect.NativeConstructorAccessorImpl.newInstance0(Native Method)
at java.base/jdk.internal.reflect.NativeConstructorAccessorImpl.newInstance(NativeConstructorAccessorImpl.java:64)
at java.base/jdk.internal.reflect.DelegatingConstructorAccessorImpl.newInstance(DelegatingConstructorAccessorImpl.java:45)
at java.base/java.lang.reflect.Constructor.newInstanceWithCaller(Constructor.java:500)
at java.base/java.lang.reflect.Constructor.newInstance(Constructor.java:481)
at org.openqa.selenium.remote.http.W3CHttpResponseCodec.createException(W3CHttpResponseCodec.java:187)
at org.openqa.selenium.remote.http.W3CHttpResponseCodec.decode(W3CHttpResponseCodec.java:122)
at org.openqa.selenium.remote.http.W3CHttpResponseCodec.decode(W3CHttpResponseCodec.java:49)
at org.openqa.selenium.remote.HttpCommandExecutor.execute(HttpCommandExecutor.java:158)
at io.appium.java_client.remote.AppiumCommandExecutor.execute(AppiumCommandExecutor.java:247)
at org.openqa.selenium.remote.RemoteWebDriver.execute(RemoteWebDriver.java:552)
at io.appium.java_client.DefaultGenericMobileDriver.execute(DefaultGenericMobileDriver.java:41)
at io.appium.java_client.AppiumDriver.execute(AppiumDriver.java:1)
at io.appium.java_client.ios.IOSDriver.execute(IOSDriver.java:1)
at org.openqa.selenium.remote.RemoteWebDriver.findElement(RemoteWebDriver.java:323)
at io.appium.java_client.DefaultGenericMobileDriver.findElement(DefaultGenericMobileDriver.java:61)
at io.appium.java_client.AppiumDriver.findElement(AppiumDriver.java:1)
at io.appium.java_client.ios.IOSDriver.findElement(IOSDriver.java:1)
at org.openqa.selenium.remote.RemoteWebDriver.findElementByXPath(RemoteWebDriver.java:428)
at io.appium.java_client.DefaultGenericMobileDriver.findElementByXPath(DefaultGenericMobileDriver.java:151)
at io.appium.java_client.AppiumDriver.findElementByXPath(AppiumDriver.java:1)
at io.appium.java_client.ios.IOSDriver.findElementByXPath(IOSDriver.java:1)
at Memberse.IOSAutomation.iRegisterWithEmailTest.iRegisterWithEmailTestCase(iRegisterWithEmailTest.java:56)
at java.base/jdk.internal.reflect.NativeMethodAccessorImpl.invoke0(Native Method)
at java.base/jdk.internal.reflect.NativeMethodAccessorImpl.invoke(NativeMethodAccessorImpl.java:64)
at java.base/jdk.internal.reflect.DelegatingMethodAccessorImpl.invoke(DelegatingMethodAccessorImpl.java:43)
at java.base/java.lang.reflect.Method.invoke(Method.java:564)
at org.testng.internal.MethodInvocationHelper.invokeMethod(MethodInvocationHelper.java:132)
at org.testng.internal.TestInvoker.invokeMethod(TestInvoker.java:599)
at org.testng.internal.TestInvoker.invokeTestMethod(TestInvoker.java:174)
at org.testng.internal.MethodRunner.runInSequence(MethodRunner.java:46)
at org.testng.internal.TestInvoker$MethodInvocationAgent.invoke(TestInvoker.java:822)
at org.testng.internal.TestInvoker.invokeTestMethods(TestInvoker.java:147)
at org.testng.internal.TestMethodWorker.invokeTestMethods(TestMethodWorker.java:146)
at org.testng.internal.TestMethodWorker.run(TestMethodWorker.java:128)
at java.base/java.util.ArrayList.forEach(ArrayList.java:1511)
at org.testng.TestRunner.privateRun(TestRunner.java:764)
at org.testng.TestRunner.run(TestRunner.java:585)
at org.testng.SuiteRunner.runTest(SuiteRunner.java:384)
at org.testng.SuiteRunner.runSequentially(SuiteRunner.java:378)
at org.testng.SuiteRunner.privateRun(SuiteRunner.java:337)
at org.testng.SuiteRunner.run(SuiteRunner.java:286)
at org.testng.SuiteRunnerWorker.runSuite(SuiteRunnerWorker.java:53)
at org.testng.SuiteRunnerWorker.run(SuiteRunnerWorker.java:96)
at org.testng.TestNG.runSuitesSequentially(TestNG.java:1218)
at org.testng.TestNG.runSuitesLocally(TestNG.java:1140)
at org.testng.TestNG.runSuites(TestNG.java:1069)
at org.testng.TestNG.run(TestNG.java:1037)
at org.testng.remote.AbstractRemoteTestNG.run(AbstractRemoteTestNG.java:115)
at org.testng.remote.RemoteTestNG.initAndRun(RemoteTestNG.java:251)
at org.testng.remote.RemoteTestNG.main(RemoteTestNG.java:77)
]]>
            </full-stacktrace>
          </exception> <!-- org.openqa.selenium.NoSuchElementException -->
          <reporter-output>
          </reporter-output>
        </test-method> <!-- iRegisterWithEmailTestCase -->
        <test-method is-config="true" signature="afterMethod()[pri:0, instance:Memberse.IOSAutomation.iRegisterWithEmailTest@130e116b]" started-at="2022-11-24T15:13:15 IST" name="afterMethod" finished-at="2022-11-24T15:13:15 IST" duration-ms="0" status="PASS">
          <reporter-output>
          </reporter-output>
        </test-method> <!-- afterMethod -->
        <test-method is-config="true" signature="quitDriver()[pri:0, instance:Memberse.IOSAutomation.iRegisterWithEmailTest@130e116b]" started-at="2022-11-24T15:13:15 IST" name="quitDriver" finished-at="2022-11-24T15:13:16 IST" duration-ms="1054" status="PASS">
          <reporter-output>
          </reporter-output>
        </test-method> <!-- quitDriver -->
        <test-method is-config="true" signature="stopService()[pri:0, instance:Memberse.IOSAutomation.iRegisterWithEmailTest@130e116b]" started-at="2022-11-24T15:13:16 IST" name="stopService" finished-at="2022-11-24T15:14:16 IST" duration-ms="60061" status="PASS">
          <reporter-output>
          </reporter-output>
        </test-method> <!-- stopService -->
      </class> <!-- Memberse.IOSAutomation.iRegisterWithEmailTest -->
    </test> <!-- Default test -->
  </suite> <!-- Default suite -->
</testng-results>
