<?xml version="1.0" encoding="UTF-8"?>
<testng-results ignored="0" total="1" passed="1" failed="0" skipped="0">
  <reporter-output>
  </reporter-output>
  <suite started-at="2022-08-10T13:16:03 IST" name="Default suite" finished-at="2022-08-10T13:16:48 IST" duration-ms="45046">
    <groups>
    </groups>
    <test started-at="2022-08-10T13:16:03 IST" name="Default test" finished-at="2022-08-10T13:16:48 IST" duration-ms="45046">
      <class name="Memberse.IOSAutomation.iLoginWithAppleTest">
        <test-method is-config="true" signature="startService()[pri:0, instance:Memberse.IOSAutomation.iLoginWithAppleTest@1458ed9c]" started-at="2022-08-10T13:16:03 IST" name="startService" finished-at="2022-08-10T13:16:03 IST" duration-ms="26" status="PASS">
          <reporter-output>
          </reporter-output>
        </test-method> <!-- startService -->
        <test-method is-config="true" signature="startDriver()[pri:0, instance:Memberse.IOSAutomation.iLoginWithAppleTest@1458ed9c]" started-at="2022-08-10T13:16:03 IST" name="startDriver" finished-at="2022-08-10T13:16:33 IST" duration-ms="29455" status="PASS">
          <reporter-output>
          </reporter-output>
        </test-method> <!-- startDriver -->
        <test-method is-config="true" signature="beforeMethod()[pri:0, instance:Memberse.IOSAutomation.iLoginWithAppleTest@1458ed9c]" started-at="2022-08-10T13:16:33 IST" name="beforeMethod" finished-at="2022-08-10T13:16:33 IST" duration-ms="0" status="PASS">
          <reporter-output>
          </reporter-output>
        </test-method> <!-- beforeMethod -->
        <test-method signature="iLoginWithAppleTestCase()[pri:0, instance:Memberse.IOSAutomation.iLoginWithAppleTest@1458ed9c]" started-at="2022-08-10T13:16:33 IST" name="iLoginWithAppleTestCase" finished-at="2022-08-10T13:16:47 IST" duration-ms="13613" status="PASS">
          <reporter-output>
          </reporter-output>
        </test-method> <!-- iLoginWithAppleTestCase -->
        <test-method is-config="true" signature="afterMethod()[pri:0, instance:Memberse.IOSAutomation.iLoginWithAppleTest@1458ed9c]" started-at="2022-08-10T13:16:47 IST" name="afterMethod" finished-at="2022-08-10T13:16:47 IST" duration-ms="1" status="PASS">
          <reporter-output>
          </reporter-output>
        </test-method> <!-- afterMethod -->
        <test-method is-config="true" signature="quitDriver()[pri:0, instance:Memberse.IOSAutomation.iLoginWithAppleTest@1458ed9c]" started-at="2022-08-10T13:16:47 IST" name="quitDriver" finished-at="2022-08-10T13:16:48 IST" duration-ms="1910" status="PASS">
          <reporter-output>
          </reporter-output>
        </test-method> <!-- quitDriver -->
        <test-method is-config="true" signature="stopService()[pri:0, instance:Memberse.IOSAutomation.iLoginWithAppleTest@1458ed9c]" started-at="2022-08-10T13:16:48 IST" name="stopService" finished-at="2022-08-10T13:16:48 IST" duration-ms="0" status="PASS">
          <reporter-output>
          </reporter-output>
        </test-method> <!-- stopService -->
      </class> <!-- Memberse.IOSAutomation.iLoginWithAppleTest -->
    </test> <!-- Default test -->
  </suite> <!-- Default suite -->
</testng-results>
